*** Using Compiler 'V5.06 update 7 (build 960)', folder: 'E:\Apps\KeilArm\ARM\ARMCC\Bin'
Build target 'BalanceCar'
assembling startup_stm32g431xx.s...
compiling stm32g4xx_ll_adc.c...
compiling main.c...
compiling gpio.c...
compiling stm32g4xx_it.c...
compiling stm32g4xx_hal_flash_ex.c...
compiling spi.c...
compiling i2c.c...
compiling stm32g4xx_hal_adc_ex.c...
compiling stm32g4xx_hal_msp.c...
compiling usart.c...
compiling stm32g4xx_hal_rcc_ex.c...
compiling stm32g4xx_hal.c...
compiling stm32g4xx_hal_flash.c...
compiling adc.c...
compiling tim.c...
compiling stm32g4xx_hal_rcc.c...
compiling stm32g4xx_hal_adc.c...
compiling stm32g4xx_hal_flash_ramfunc.c...
compiling stm32g4xx_hal_dma.c...
compiling stm32g4xx_hal_gpio.c...
compiling stm32g4xx_hal_exti.c...
compiling stm32g4xx_hal_pwr.c...
compiling stm32g4xx_hal_dma_ex.c...
compiling AngleSensor.c...
compiling stm32g4xx_hal_cortex.c...
compiling stm32g4xx_hal_pwr_ex.c...
compiling stm32g4xx_hal_spi.c...
compiling stm32g4xx_hal_spi_ex.c...
compiling stm32g4xx_hal_i2c_ex.c...
compiling stm32g4xx_hal_i2c.c...
compiling stm32g4xx_hal_tim.c...
compiling stm32g4xx_hal_tim_ex.c...
compiling lcd.c...
compiling stm32g4xx_hal_uart_ex.c...
compiling system_stm32g4xx.c...
compiling stm32g4xx_hal_uart.c...
compiling ina226.c...
compiling encoder.c...
compiling motor.c...
compiling icm42688p.c...
..\Drivers\BSP\ICM42688P\icm42688p.c(85): error:  #167: argument of type "int" is incompatible with parameter of type "uint8_t *"
      ICM42688_ReadReg(REG_PWR_MGMT0, 0x0f); // Set Gyro and Accel to Low Noise Mode
..\Drivers\BSP\ICM42688P\icm42688p.c(147): error:  #167: argument of type "uint8_t" is incompatible with parameter of type "uint8_t *"
      ICM42688_ReadMultiReg(REG_ACCEL_DATA_X1, DataBuffer[0], 6);
..\Drivers\BSP\ICM42688P\icm42688p.c(153): error:  #167: argument of type "uint8_t" is incompatible with parameter of type "uint8_t *"
      ICM42688_ReadMultiReg(REG_GYRO_DATA_X1, DataBuffer[0], 6);
..\Drivers\BSP\ICM42688P\icm42688p.c(32): warning:  #550-D: variable "icm42688_acc_inv"  was set but never used
  static float icm42688_acc_inv = 1, icm42688_gyro_inv = 1;
..\Drivers\BSP\ICM42688P\icm42688p.c(32): warning:  #550-D: variable "icm42688_gyro_inv"  was set but never used
  static float icm42688_acc_inv = 1, icm42688_gyro_inv = 1;
..\Drivers\BSP\ICM42688P\icm42688p.c: 2 warnings, 3 errors
compiling eeprom.c...
compiling control.c...
compiling esp32.c...
compiling filter.c...
"BalanceCar\BalanceCar.axf" - 3 Error(s), 2 Warning(s).
Target not created.
Build Time Elapsed:  00:00:23
